<?xml version="1.0" encoding="UTF-8"?>
<!-- Generated by org.testng.reporters.JUnitReportReporter -->
<testsuite skipped="0" hostname="Metins-MBP-2" name="tests.regresIn.GETRegresInApiTests" tests="4" failures="0" timestamp="11 Apr 2023 02:37:53 GMT" time="3.040" errors="0">
  <testcase name="test1_listOfUsers" time="1.820" classname="tests.regresIn.GETRegresInApiTests"/>
  <testcase name="test4" time="0.299" classname="tests.regresIn.GETRegresInApiTests"/>
  <testcase name="test3" time="0.766" classname="tests.regresIn.GETRegresInApiTests"/>
  <testcase name="test2_SingleUser" time="0.155" classname="tests.regresIn.GETRegresInApiTests"/>
</testsuite> <!-- tests.regresIn.GETRegresInApiTests -->
