<?xml version="1.0" encoding="UTF-8"?>
<!-- Generated by org.testng.reporters.JUnitReportReporter -->
<testsuite skipped="0" hostname="Metins-MBP-2" name="tests.regresIn.GETRegresInApiTests" tests="4" failures="0" timestamp="10 Nov 2022 04:50:07 GMT" time="3.066" errors="0">
  <testcase name="test1_listOfUsers" time="1.871" classname="tests.regresIn.GETRegresInApiTests"/>
  <testcase name="test4" time="0.301" classname="tests.regresIn.GETRegresInApiTests"/>
  <testcase name="test3" time="0.725" classname="tests.regresIn.GETRegresInApiTests"/>
  <testcase name="test2_SingleUser" time="0.169" classname="tests.regresIn.GETRegresInApiTests"/>
</testsuite> <!-- tests.regresIn.GETRegresInApiTests -->
