<?xml version="1.0" encoding="UTF-8"?>
<!-- Generated by org.testng.reporters.JUnitReportReporter -->
<testsuite skipped="0" hostname="Metins-MBP-2" name="tests.regresIn.GETRegresInApiTests" tests="2" failures="0" timestamp="07 Nov 2022 05:23:36 GMT" time="2.165" errors="0">
  <testcase name="test1_listOfUsers" time="1.999" classname="tests.regresIn.GETRegresInApiTests"/>
  <testcase name="test2_SingleUser" time="0.166" classname="tests.regresIn.GETRegresInApiTests"/>
</testsuite> <!-- tests.regresIn.GETRegresInApiTests -->
