<?xml version="1.0" encoding="UTF-8"?>
<!-- Generated by org.testng.reporters.JUnitReportReporter -->
<testsuite skipped="0" hostname="Metins-MBP-2" name="tests.regresIn.POSTRegresInApiTests" tests="3" failures="0" timestamp="10 Nov 2022 17:14:49 GMT" time="1.252" errors="0">
  <testcase name="testPOST2" time="0.412" classname="tests.regresIn.POSTRegresInApiTests"/>
  <testcase name="testPOST3" time="0.397" classname="tests.regresIn.POSTRegresInApiTests"/>
  <testcase name="testPOST1" time="0.443" classname="tests.regresIn.POSTRegresInApiTests"/>
</testsuite> <!-- tests.regresIn.POSTRegresInApiTests -->
